0 info it worked if it ends with ok
1 verbose cli [ 'C:\\Program Files\\nodejs\\node.exe',
1 verbose cli   'C:\\Program Files\\nodejs\\node_modules\\npm\\bin\\npm-cli.js',
1 verbose cli   'i',
1 verbose cli   'lodash@4.15..0',
1 verbose cli   '--save' ]
2 info using npm@3.10.10
3 info using node@v7.3.0
4 silly loadCurrentTree Starting
5 silly install loadCurrentTree
6 silly install readLocalPackageData
7 silly fetchPackageMetaData lodash@4.15..0
8 silly fetchNamedPackageData lodash
9 silly mapToRegistry name lodash
10 silly mapToRegistry using default registry
11 silly mapToRegistry registry https://registry.npmjs.org/
12 silly mapToRegistry data Result {
12 silly mapToRegistry   raw: 'lodash',
12 silly mapToRegistry   scope: null,
12 silly mapToRegistry   escapedName: 'lodash',
12 silly mapToRegistry   name: 'lodash',
12 silly mapToRegistry   rawSpec: '',
12 silly mapToRegistry   spec: 'latest',
12 silly mapToRegistry   type: 'tag' }
13 silly mapToRegistry uri https://registry.npmjs.org/lodash
14 verbose request uri https://registry.npmjs.org/lodash
15 verbose request no auth needed
16 info attempt registry request try #1 at 11:32:21 AM
17 verbose request id 9123f24b2778576d
18 verbose etag W/"586ca0fd-28d0b"
19 verbose lastModified Wed, 04 Jan 2017 07:15:09 GMT
20 http request GET https://registry.npmjs.org/lodash
21 http 200 https://registry.npmjs.org/lodash
22 verbose headers { server: 'nginx/1.10.1',
22 verbose headers   'content-type': 'application/json',
22 verbose headers   'last-modified': 'Fri, 13 Jan 2017 08:55:15 GMT',
22 verbose headers   etag: 'W/"587895f3-28ddc"',
22 verbose headers   'content-encoding': 'gzip',
22 verbose headers   'cache-control': 'max-age=300',
22 verbose headers   'content-length': '16774',
22 verbose headers   'accept-ranges': 'bytes',
22 verbose headers   date: 'Sat, 14 Jan 2017 06:02:22 GMT',
22 verbose headers   via: '1.1 varnish',
22 verbose headers   age: '55',
22 verbose headers   connection: 'keep-alive',
22 verbose headers   'x-served-by': 'cache-cdg8720-CDG',
22 verbose headers   'x-cache': 'HIT',
22 verbose headers   'x-cache-hits': '3',
22 verbose headers   'x-timer': 'S1484373742.924381,VS0,VE0',
22 verbose headers   vary: 'Accept-Encoding' }
23 silly get cb [ 200,
23 silly get   { server: 'nginx/1.10.1',
23 silly get     'content-type': 'application/json',
23 silly get     'last-modified': 'Fri, 13 Jan 2017 08:55:15 GMT',
23 silly get     etag: 'W/"587895f3-28ddc"',
23 silly get     'content-encoding': 'gzip',
23 silly get     'cache-control': 'max-age=300',
23 silly get     'content-length': '16774',
23 silly get     'accept-ranges': 'bytes',
23 silly get     date: 'Sat, 14 Jan 2017 06:02:22 GMT',
23 silly get     via: '1.1 varnish',
23 silly get     age: '55',
23 silly get     connection: 'keep-alive',
23 silly get     'x-served-by': 'cache-cdg8720-CDG',
23 silly get     'x-cache': 'HIT',
23 silly get     'x-cache-hits': '3',
23 silly get     'x-timer': 'S1484373742.924381,VS0,VE0',
23 silly get     vary: 'Accept-Encoding' } ]
24 verbose get saving lodash to C:\Users\Shashank Singh\AppData\Roaming\npm-cache\registry.npmjs.org\lodash\.cache.json
25 verbose correctMkdir C:\Users\Shashank Singh\AppData\Roaming\npm-cache correctMkdir not in flight; initializing
26 silly fetchPackageMetaData Error: No compatible version found: lodash@4.15..0
26 silly fetchPackageMetaData Valid install targets:
26 silly fetchPackageMetaData 4.17.4, 4.17.3, 4.17.2, 4.17.1, 4.17.0, 4.16.6, 4.16.5, 4.16.4, 4.16.3, 4.16.2, 4.16.1, 4.16.0, 4.15.0, 4.14.2, 4.14.1, 4.14.0, 4.13.1, 4.13.0, 4.12.0, 4.11.2, 4.11.1, 4.11.0, 4.10.0, 4.9.0, 4.8.2, 4.8.1, 4.8.0, 4.7.0, 4.6.1, 4.6.0, 4.5.1, 4.5.0, 4.4.0, 4.3.0, 4.2.1, 4.2.0, 4.1.0, 4.0.1, 4.0.0, 3.10.1, 3.10.0, 3.9.3, 3.9.2, 3.9.1, 3.9.0, 3.8.0, 3.7.0, 3.6.0, 3.5.0, 3.4.0, 3.3.1, 3.3.0, 3.2.0, 3.1.0, 3.0.1, 3.0.0, 2.4.2, 2.4.1, 2.4.0, 2.3.0, 2.2.1, 2.2.0, 2.1.0, 2.0.0, 1.3.1, 1.3.0, 1.2.1, 1.2.0, 1.1.1, 1.1.0, 1.0.2, 1.0.1, 1.0.0, 1.0.0-rc.3, 1.0.0-rc.2, 1.0.0-rc.1, 0.10.0, 0.9.2, 0.9.1, 0.9.0, 0.8.2, 0.8.1, 0.8.0, 0.7.0, 0.6.1, 0.6.0, 0.5.2, 0.5.1, 0.5.0, 0.5.0-rc.1, 0.4.2, 0.4.1, 0.4.0, 0.3.2, 0.3.1, 0.3.0, 0.2.2, 0.2.1, 0.2.0, 0.1.0
26 silly fetchPackageMetaData
26 silly fetchPackageMetaData     at pickVersionFromRegistryDocument (C:\Program Files\nodejs\node_modules\npm\lib\fetch-package-metadata.js:178:16)
26 silly fetchPackageMetaData     at C:\Program Files\nodejs\node_modules\npm\node_modules\iferr\index.js:13:50
26 silly fetchPackageMetaData     at C:\Program Files\nodejs\node_modules\npm\lib\utils\pulse-till-done.js:20:8
26 silly fetchPackageMetaData     at saved (C:\Program Files\nodejs\node_modules\npm\lib\cache\caching-client.js:174:7)
26 silly fetchPackageMetaData     at C:\Program Files\nodejs\node_modules\npm\node_modules\graceful-fs\polyfills.js:241:18
26 silly fetchPackageMetaData     at FSReqWrap.oncomplete (fs.js:111:15)
26 silly fetchPackageMetaData  error for lodash@4.15..0 { Error: No compatible version found: lodash@4.15..0
26 silly fetchPackageMetaData Valid install targets:
26 silly fetchPackageMetaData 4.17.4, 4.17.3, 4.17.2, 4.17.1, 4.17.0, 4.16.6, 4.16.5, 4.16.4, 4.16.3, 4.16.2, 4.16.1, 4.16.0, 4.15.0, 4.14.2, 4.14.1, 4.14.0, 4.13.1, 4.13.0, 4.12.0, 4.11.2, 4.11.1, 4.11.0, 4.10.0, 4.9.0, 4.8.2, 4.8.1, 4.8.0, 4.7.0, 4.6.1, 4.6.0, 4.5.1, 4.5.0, 4.4.0, 4.3.0, 4.2.1, 4.2.0, 4.1.0, 4.0.1, 4.0.0, 3.10.1, 3.10.0, 3.9.3, 3.9.2, 3.9.1, 3.9.0, 3.8.0, 3.7.0, 3.6.0, 3.5.0, 3.4.0, 3.3.1, 3.3.0, 3.2.0, 3.1.0, 3.0.1, 3.0.0, 2.4.2, 2.4.1, 2.4.0, 2.3.0, 2.2.1, 2.2.0, 2.1.0, 2.0.0, 1.3.1, 1.3.0, 1.2.1, 1.2.0, 1.1.1, 1.1.0, 1.0.2, 1.0.1, 1.0.0, 1.0.0-rc.3, 1.0.0-rc.2, 1.0.0-rc.1, 0.10.0, 0.9.2, 0.9.1, 0.9.0, 0.8.2, 0.8.1, 0.8.0, 0.7.0, 0.6.1, 0.6.0, 0.5.2, 0.5.1, 0.5.0, 0.5.0-rc.1, 0.4.2, 0.4.1, 0.4.0, 0.3.2, 0.3.1, 0.3.0, 0.2.2, 0.2.1, 0.2.0, 0.1.0
26 silly fetchPackageMetaData
26 silly fetchPackageMetaData     at pickVersionFromRegistryDocument (C:\Program Files\nodejs\node_modules\npm\lib\fetch-package-metadata.js:178:16)
26 silly fetchPackageMetaData     at C:\Program Files\nodejs\node_modules\npm\node_modules\iferr\index.js:13:50
26 silly fetchPackageMetaData     at C:\Program Files\nodejs\node_modules\npm\lib\utils\pulse-till-done.js:20:8
26 silly fetchPackageMetaData     at saved (C:\Program Files\nodejs\node_modules\npm\lib\cache\caching-client.js:174:7)
26 silly fetchPackageMetaData     at C:\Program Files\nodejs\node_modules\npm\node_modules\graceful-fs\polyfills.js:241:18
26 silly fetchPackageMetaData     at FSReqWrap.oncomplete (fs.js:111:15) code: 'ETARGET' }
27 silly rollbackFailedOptional Starting
28 silly rollbackFailedOptional Finishing
29 silly runTopLevelLifecycles Finishing
30 silly install printInstalled
31 verbose stack Error: No compatible version found: lodash@4.15..0
31 verbose stack Valid install targets:
31 verbose stack 4.17.4, 4.17.3, 4.17.2, 4.17.1, 4.17.0, 4.16.6, 4.16.5, 4.16.4, 4.16.3, 4.16.2, 4.16.1, 4.16.0, 4.15.0, 4.14.2, 4.14.1, 4.14.0, 4.13.1, 4.13.0, 4.12.0, 4.11.2, 4.11.1, 4.11.0, 4.10.0, 4.9.0, 4.8.2, 4.8.1, 4.8.0, 4.7.0, 4.6.1, 4.6.0, 4.5.1, 4.5.0, 4.4.0, 4.3.0, 4.2.1, 4.2.0, 4.1.0, 4.0.1, 4.0.0, 3.10.1, 3.10.0, 3.9.3, 3.9.2, 3.9.1, 3.9.0, 3.8.0, 3.7.0, 3.6.0, 3.5.0, 3.4.0, 3.3.1, 3.3.0, 3.2.0, 3.1.0, 3.0.1, 3.0.0, 2.4.2, 2.4.1, 2.4.0, 2.3.0, 2.2.1, 2.2.0, 2.1.0, 2.0.0, 1.3.1, 1.3.0, 1.2.1, 1.2.0, 1.1.1, 1.1.0, 1.0.2, 1.0.1, 1.0.0, 1.0.0-rc.3, 1.0.0-rc.2, 1.0.0-rc.1, 0.10.0, 0.9.2, 0.9.1, 0.9.0, 0.8.2, 0.8.1, 0.8.0, 0.7.0, 0.6.1, 0.6.0, 0.5.2, 0.5.1, 0.5.0, 0.5.0-rc.1, 0.4.2, 0.4.1, 0.4.0, 0.3.2, 0.3.1, 0.3.0, 0.2.2, 0.2.1, 0.2.0, 0.1.0
31 verbose stack
31 verbose stack     at pickVersionFromRegistryDocument (C:\Program Files\nodejs\node_modules\npm\lib\fetch-package-metadata.js:178:16)
31 verbose stack     at C:\Program Files\nodejs\node_modules\npm\node_modules\iferr\index.js:13:50
31 verbose stack     at C:\Program Files\nodejs\node_modules\npm\lib\utils\pulse-till-done.js:20:8
31 verbose stack     at saved (C:\Program Files\nodejs\node_modules\npm\lib\cache\caching-client.js:174:7)
31 verbose stack     at C:\Program Files\nodejs\node_modules\npm\node_modules\graceful-fs\polyfills.js:241:18
31 verbose stack     at FSReqWrap.oncomplete (fs.js:111:15)
32 verbose cwd D:\node-todo-api\server
33 error Windows_NT 10.0.14393
34 error argv "C:\\Program Files\\nodejs\\node.exe" "C:\\Program Files\\nodejs\\node_modules\\npm\\bin\\npm-cli.js" "i" "lodash@4.15..0" "--save"
35 error node v7.3.0
36 error npm  v3.10.10
37 error code ETARGET
38 error notarget No compatible version found: lodash@4.15..0
38 error notarget Valid install targets:
38 error notarget 4.17.4, 4.17.3, 4.17.2, 4.17.1, 4.17.0, 4.16.6, 4.16.5, 4.16.4, 4.16.3, 4.16.2, 4.16.1, 4.16.0, 4.15.0, 4.14.2, 4.14.1, 4.14.0, 4.13.1, 4.13.0, 4.12.0, 4.11.2, 4.11.1, 4.11.0, 4.10.0, 4.9.0, 4.8.2, 4.8.1, 4.8.0, 4.7.0, 4.6.1, 4.6.0, 4.5.1, 4.5.0, 4.4.0, 4.3.0, 4.2.1, 4.2.0, 4.1.0, 4.0.1, 4.0.0, 3.10.1, 3.10.0, 3.9.3, 3.9.2, 3.9.1, 3.9.0, 3.8.0, 3.7.0, 3.6.0, 3.5.0, 3.4.0, 3.3.1, 3.3.0, 3.2.0, 3.1.0, 3.0.1, 3.0.0, 2.4.2, 2.4.1, 2.4.0, 2.3.0, 2.2.1, 2.2.0, 2.1.0, 2.0.0, 1.3.1, 1.3.0, 1.2.1, 1.2.0, 1.1.1, 1.1.0, 1.0.2, 1.0.1, 1.0.0, 1.0.0-rc.3, 1.0.0-rc.2, 1.0.0-rc.1, 0.10.0, 0.9.2, 0.9.1, 0.9.0, 0.8.2, 0.8.1, 0.8.0, 0.7.0, 0.6.1, 0.6.0, 0.5.2, 0.5.1, 0.5.0, 0.5.0-rc.1, 0.4.2, 0.4.1, 0.4.0, 0.3.2, 0.3.1, 0.3.0, 0.2.2, 0.2.1, 0.2.0, 0.1.0
39 error notarget This is most likely not a problem with npm itself.
39 error notarget In most cases you or one of your dependencies are requesting
39 error notarget a package version that doesn't exist.
40 verbose exit [ 1, true ]
